<?xml version="1.0" encoding="UTF-8"?>
<testsuite xmlns:xsi="http://www.w3.org/2001/XMLSchema-instance" xsi:noNamespaceSchemaLocation="https://maven.apache.org/surefire/maven-surefire-plugin/xsd/surefire-test-report.xsd" name="com.ensta.rentmanager.ClientsServiceTest" time="0.473" tests="1" errors="0" skipped="0" failures="0">
  <properties>
[...]
</properties>
  <testcase name="findAll_should_fail_when_dao_throws_exception" classname="com.ensta.rentmanager.ClientsServiceTest" time="0.4"/>
</testsuite>